appcompat/build/outputs/logs/manifest-merger-debug-report.txt
-- Merging decision tree log ---
manifest
ADDED from gradleplugin/appcompat/AndroidManifest.xml:16:1-23:12
INJECTED from gradleplugin/appcompat/AndroidManifest.xml:16:1-23:12
INJECTED from gradleplugin/appcompat/AndroidManifest.xml:16:1-23:12
	package
		ADDED from gradleplugin/appcompat/AndroidManifest.xml:18:11-49
		INJECTED from gradleplugin/appcompat/AndroidManifest.xml
		INJECTED from gradleplugin/appcompat/AndroidManifest.xml
	xmlns:tools
		ADDED from gradleplugin/appcompat/AndroidManifest.xml:17:11-57
	xmlns:android
		ADDED from gradleplugin/appcompat/AndroidManifest.xml:16:11-69
uses-sdk
ADDED from gradleplugin/appcompat/AndroidManifest.xml:19:5-20:83
INJECTED from gradleplugin/appcompat/AndroidManifest.xml:19:5-20:83
INJECTED from gradleplugin/appcompat/AndroidManifest.xml:19:5-20:83
	tools:overrideLibrary
		ADDED from gradleplugin/appcompat/AndroidManifest.xml:20:15-81
	android:minSdkVersion
		ADDED from gradleplugin/appcompat/AndroidManifest.xml:19:15-40
		INJECTED from gradleplugin/appcompat/AndroidManifest.xml
		INJECTED from gradleplugin/appcompat/AndroidManifest.xml
meta-data#android.support.VERSION
ADDED from gradleplugin/appcompat/AndroidManifest.xml:21:5-76
	android:value
		ADDED from gradleplugin/appcompat/AndroidManifest.xml:21:55-73
	android:name
		ADDED from gradleplugin/appcompat/AndroidManifest.xml:21:16-54
application
ADDED from gradleplugin/appcompat/AndroidManifest.xml:22:5-19